privacy-ui/build/intermediates/manifest_merge_blame_file/debug/manifest-merger-blame-debug-report.txt
1<?xml version="1.0" encoding="utf-8"?>
2<manifest xmlns:android="http://schemas.android.com/apk/res/android"
3    package="com.yl.lib.privacy_ui"
4    android:versionCode="1"
5    android:versionName="1.0" >
6
7    <uses-sdk
8        android:minSdkVersion="19"
8-->src/main/AndroidManifest.xml
9        android:targetSdkVersion="29" />
9-->src/main/AndroidManifest.xml
10
11    <application>
11-->src/main/AndroidManifest.xml:5:5-17:19
12        <activity
12-->src/main/AndroidManifest.xml:6:9-8:40
13            android:name="com.yl.lib.privacy_ui.RealTimePrivacyItemActivity"
13-->src/main/AndroidManifest.xml:7:13-56
14            android:exported="false" />
14-->src/main/AndroidManifest.xml:8:13-37
15        <activity
15-->src/main/AndroidManifest.xml:9:9-12:75
16            android:name="com.yl.lib.privacy_ui.ReplaceListActivity"
16-->src/main/AndroidManifest.xml:10:13-48
17            android:exported="false"
17-->src/main/AndroidManifest.xml:11:13-37
18            android:theme="@style/Theme.AppCompat.DayNight.NoActionBar" />
18-->src/main/AndroidManifest.xml:12:13-72
19        <activity
19-->src/main/AndroidManifest.xml:13:9-16:75
20            android:name="com.yl.lib.privacy_ui.PermissionListActivity"
20-->src/main/AndroidManifest.xml:14:13-51
21            android:exported="false"
21-->src/main/AndroidManifest.xml:15:13-37
22            android:theme="@style/Theme.AppCompat.DayNight.NoActionBar" />
22-->src/main/AndroidManifest.xml:16:13-72
23    </application>
24
25</manifest>